Add Component: Footprint Not Found JAE_DX4R005HJ5R2000
Added Component: Designator=SW2(FP-CHS-01TA-MFG)
Add component (AddParameter): Name = "Automotive"; Value = "No"; VariantName = "[No Variations]"
Add component (AddParameter): Name = "Category"; Value = "Switch"; VariantName = "[No Variations]"
Add component (AddParameter): Name = "ComponentLink2Description"; Value = "Datasheet"; VariantName = "[No Variations]"
Add component (AddParameter): Name = "ComponentLink2URL"; Value = "https://www.nidec-copal-electronics.com/e/catalog/switch/chs.pdf"; VariantName = "[No Variations]"
Add component (AddParameter): Name = "Contact Current Rating"; Value = "100mA"; VariantName = "[No Variations]"
Add component (AddParameter): Name = "Contact Resistance"; Value = "50mO"; VariantName = "[No Variations]"
Add component (AddParameter): Name = "Device Class L1"; Value = "Electromechanical"; VariantName = "[No Variations]"
Add component (AddParameter): Name = "Device Class L2"; Value = "Switches"; VariantName = "[No Variations]"
Add component (AddParameter): Name = "Device Class L3"; Value = "DIP Switches"; VariantName = "[No Variations]"
Add component (AddParameter): Name = "Digikey Description"; Value = "SWITCH SLIDE DIP SPST 100MA 6V"; VariantName = "[No Variations]"
Add component (AddParameter): Name = "Electromechanical Life"; Value = "2000Cycles"; VariantName = "[No Variations]"
Add component (AddParameter): Name = "Height"; Value = "2.5mm"; VariantName = "[No Variations]"
Add component (AddParameter): Name = "Lead Free"; Value = "Yes"; VariantName = "[No Variations]"
Add component (AddParameter): Name = "Manufacturer"; Value = "Nidec Copal Electronics"; VariantName = "[No Variations]"
Add component (AddParameter): Name = "Manufacturer Part Number"; Value = "CHS-01TA"; VariantName = "[No Variations]"
Add component (AddParameter): Name = "Mount"; Value = "Surface Mount"; VariantName = "[No Variations]"
Add component (AddParameter): Name = "Number Of Circuits"; Value = "1"; VariantName = "[No Variations]"
Add component (AddParameter): Name = "Octopart"; Value = "https://octopart.com/chs-01ta-nidec+copal-52304644"; VariantName = "[No Variations]"
Add component (AddParameter): Name = "Package"; Value = "CHS-01TA"; VariantName = "[No Variations]"
Add component (AddParameter): Name = "RoHS"; Value = "TRUE"; VariantName = "[No Variations]"
Add component (AddParameter): Name = "Standoff Height"; Value = "0mm"; VariantName = "[No Variations]"
Add component (AddParameter): Name = "Temperature"; Value = "-40°C to +85°C"; VariantName = "[No Variations]"
Add component (AddParameter): Name = "Temperature Range High"; Value = "+85°C"; VariantName = "[No Variations]"
Add component (AddParameter): Name = "Temperature Range Low"; Value = "-40°C"; VariantName = "[No Variations]"
Add component (AddParameter): Name = "Throw Configuration"; Value = "SPST"; VariantName = "[No Variations]"
Add component (AddParameter): Name = "Voltage Rating Dc"; Value = "6V"; VariantName = "[No Variations]"
Add Pin To Net: Unknown Pin: Pin J1-5
Add Pin To Net: Unknown Pin: Pin J1-SH1
Add Pin To Net: Unknown Pin: Pin J1-SH2
Add Pin To Net: Unknown Pin: Pin J1-SH3
Add Pin To Net: Unknown Pin: Pin J1-SH4
Added Pin To Net: NetName=NetF1_1 Pin=SW2-2
Added Pin To Net: NetName=NetJ1_1 Pin=SW2-1
Added Net: Name=NetJ1_1
Add Class Member: Failed to add class member : Component J1 DX4R005HJ5R2000
Added Member To Class: ClassName=Power Member=Component SW2 CHS-01TA
